<?xml version="1.0" encoding="UTF-8"?>
<testsuites name="Headphone Firmware Test Suite" tests="12" failures="2" errors="1" skipped="1" time="39.716">
  <testsuite name="com.headphone.bluetooth.ConnectionTests" tests="4" failures="0" errors="1" skipped="0" time="11.823">
    <testcase classname="com.headphone.bluetooth.ConnectionTests" name="testBluetoothPairing" time="2.987">
    </testcase>
    <testcase classname="com.headphone.bluetooth.ConnectionTests" name="testMultiPointConnection" time="3.540">
    </testcase>
    <testcase classname="com.headphone.bluetooth.ConnectionTests" name="testAutoReconnect" time="2.104">
      <error message="Bluetooth adapter threw unexpected IOException" type="java.io.IOException">
java.io.IOException: Bluetooth HCI reset failed
	at com.headphone.bluetooth.ConnectionTests.testAutoReconnect(ConnectionTests.java:87)
	at sun.reflect.NativeMethodAccessorImpl.invoke(NativeMethodAccessorImpl.java:62)
Caused by: hardware timeout on adapter hci0
      </error>
    </testcase>
    <testcase classname="com.headphone.bluetooth.ConnectionTests" name="testCodecNegotiation" time="3.192">
    </testcase>
  </testsuite>
  <testsuite name="com.headphone.audio.PlaybackTests" tests="4" failures="1" errors="0" skipped="1" time="14.209">
    <testcase classname="com.headphone.audio.PlaybackTests" name="testPlayPauseResume" time="4.890">
      <failure message="Resume did not restart playback within expected latency" type="AssertionError">
Expected resume latency: &lt;= 200ms
Actual resume latency: 1450ms
Audio stream state after resume: BUFFERING
      </failure>
    </testcase>
    <testcase classname="com.headphone.audio.PlaybackTests" name="testVolumeControl" time="3.102">
    </testcase>
    <testcase classname="com.headphone.audio.PlaybackTests" name="testNoiseCancellation" time="6.217">
    </testcase>
    <testcase classname="com.headphone.audio.PlaybackTests" name="testSpatialAudio" time="0.000">
      <skipped message="Spatial audio hardware not available on test device"/>
    </testcase>
  </testsuite>
  <testsuite name="com.headphone.firmware.OTATests" tests="4" failures="1" errors="0" skipped="0" time="13.684">
    <testcase classname="com.headphone.firmware.OTATests" name="testFirmwareDownload" time="3.870">
      <failure message="Download integrity check failed" type="AssertionError">
Expected SHA-256: a3f2b8c91d...
Actual SHA-256: 7e4d10ff82...
Download size: 14.2 MB, server reported: 14.2 MB
      </failure>
    </testcase>
    <testcase classname="com.headphone.firmware.OTATests" name="testFirmwareApply" time="5.441">
    </testcase>
    <testcase classname="com.headphone.firmware.OTATests" name="testFirmwareRollback" time="4.373">
    </testcase>
    <testcase classname="com.headphone.firmware.OTATests" name="testLowBatteryUpdateBlock" time="0.000">
    </testcase>
  </testsuite>
</testsuites>
